<?xml version="1.0" encoding="UTF-8"?>
<!-- Generated by org.testng.reporters.JUnitReportReporter -->
<testsuite skipped="0" hostname="DESKTOP-BS3CMF3" name="com.SerAnt.Potentials.Validpotentials" tests="1" failures="0" timestamp="2022-05-28T20:41:30 IST" time="2.146" errors="0">
  <testcase name="validpotentialsTest" time="2.146" classname="com.SerAnt.Potentials.Validpotentials"/>
  <system-out>
    <![CDATA[validpotentialsTest method started
SerAnt Page is Displayed,PASS]]>
  </system-out>
</testsuite> <!-- com.SerAnt.Potentials.Validpotentials -->
