<?xml version="1.0" encoding="UTF-8"?>
<!-- Generated by org.testng.reporters.JUnitReportReporter -->
<testsuite skipped="0" hostname="DESKTOP-BS3CMF3" name="com.SerAnt.Leads.ValidLeads" tests="1" failures="0" timestamp="2022-05-28T20:41:30 IST" time="2.260" errors="0">
  <testcase name="ValidLeadsTest" time="2.260" classname="com.SerAnt.Leads.ValidLeads"/>
  <system-out>
    <![CDATA[ValidLeadsTest method started
SerAnt Page is Displayed,PASS
Leads: All Open Leads is Displayed]]>
  </system-out>
</testsuite> <!-- com.SerAnt.Leads.ValidLeads -->
