<?xml version="1.0" encoding="UTF-8"?>
<!-- Generated by org.testng.reporters.JUnitReportReporter -->
<testsuite skipped="0" hostname="DESKTOP-BS3CMF3" name="com.SerAnt.Cases.validcases" tests="1" failures="0" timestamp="2022-05-28T20:41:30 IST" time="1.734" errors="0">
  <testcase name="validcasesTest" time="1.734" classname="com.SerAnt.Cases.validcases"/>
  <system-out>
    <![CDATA[validcasesTest method started
SerAnt Page is Displayed,PASS]]>
  </system-out>
</testsuite> <!-- com.SerAnt.Cases.validcases -->
