<?xml version="1.0" encoding="UTF-8"?>
<!-- Generated by org.testng.reporters.JUnitReportReporter -->
<testsuite skipped="0" hostname="DESKTOP-BS3CMF3" name="com.SerAnt.Forcasts.validforecasts" tests="1" failures="0" timestamp="2022-05-28T20:41:30 IST" time="1.534" errors="0">
  <testcase name="validforecastsTest" time="1.534" classname="com.SerAnt.Forcasts.validforecasts"/>
  <system-out>
    <![CDATA[validforecastsTest method started
SerAnt Page is Displayed,PASS]]>
  </system-out>
</testsuite> <!-- com.SerAnt.Forcasts.validforecasts -->
