<?xml version="1.0" encoding="UTF-8"?>
<!-- Generated by org.testng.reporters.JUnitReportReporter -->
<testsuite skipped="0" hostname="DESKTOP-BS3CMF3" name="com.SerAnt.Login.ValidsignIn" tests="1" failures="0" timestamp="2022-05-28T20:41:30 IST" time="1.368" errors="0">
  <testcase name="ValidsignInTest" time="1.368" classname="com.SerAnt.Login.ValidsignIn"/>
  <system-out>
    <![CDATA[ValidsignInTest method started
SerAnt Page is Displayed,PASS]]>
  </system-out>
</testsuite> <!-- com.SerAnt.Login.ValidsignIn -->
