<?xml version="1.0" encoding="UTF-8"?>
<!-- Generated by org.testng.reporters.JUnitReportReporter -->
<testsuite skipped="0" hostname="DESKTOP-BS3CMF3" name="com.SerAnt.Campaigns.validcampaigns" tests="1" failures="0" timestamp="2022-05-28T20:41:30 IST" time="1.721" errors="0">
  <testcase name="validcampaignTest" time="1.721" classname="com.SerAnt.Campaigns.validcampaigns"/>
  <system-out>
    <![CDATA[validcampaignTest method started
SerAnt Page is Displayed,PASS]]>
  </system-out>
</testsuite> <!-- com.SerAnt.Campaigns.validcampaigns -->
