<?xml version="1.0" encoding="UTF-8"?>
<!-- Generated by org.testng.reporters.JUnitReportReporter -->
<testsuite skipped="0" hostname="DESKTOP-BS3CMF3" name="com.SerAnt.Reports.validReportsPage" tests="1" failures="0" timestamp="2022-05-28T20:41:30 IST" time="1.489" errors="0">
  <testcase name="validreportsPageTest" time="1.489" classname="com.SerAnt.Reports.validReportsPage"/>
  <system-out>
    <![CDATA[validreportsPageTest method started
SerAnt Page is Displayed,PASS]]>
  </system-out>
</testsuite> <!-- com.SerAnt.Reports.validReportsPage -->
