<?xml version="1.0" encoding="UTF-8"?>
<!-- Generated by org.testng.reporters.JUnitReportReporter -->
<testsuite skipped="0" hostname="DESKTOP-BS3CMF3" name="com.SerAnt.Accounts.ValidAccounts" tests="1" failures="0" timestamp="2022-05-28T20:41:30 IST" time="2.159" errors="0">
  <testcase name="validateAccountsTest" time="2.159" classname="com.SerAnt.Accounts.ValidAccounts"/>
  <system-out>
    <![CDATA[validateAccountsTest method started
SerAnt Page is Displayed,PASS
Accounts: All Accounts is Displayed]]>
  </system-out>
</testsuite> <!-- com.SerAnt.Accounts.ValidAccounts -->
