<?xml version="1.0" encoding="UTF-8"?>
<!-- Generated by org.testng.reporters.JUnitReportReporter -->
<testsuite skipped="0" hostname="DESKTOP-BS3CMF3" name="com.SerAnt.Accounts.ValidateCreateAccount" tests="1" failures="0" timestamp="2022-05-28T20:41:30 IST" time="4.174" errors="0">
  <testcase name="validatecreateAccountTest" time="4.174" classname="com.SerAnt.Accounts.ValidateCreateAccount"/>
  <system-out>
    <![CDATA[validatecreateAccountTest method started
SerAnt Page is Displayed,PASS
Accounts details is Displayed,PASS]]>
  </system-out>
</testsuite> <!-- com.SerAnt.Accounts.ValidateCreateAccount -->
